<?xml version="1.0" encoding="UTF-8"?>
<!-- Generated by org.testng.reporters.JUnitReportReporter -->
<testsuite name="com.test.proposify.Editor_FeeTable_TestCAses" tests="31" time="10.065" ignored="0" failures="0" timestamp="01 Aug 2018 13:32:05 GMT" skipped="29" hostname="Milans-MacBook-Pro.local" errors="2">
  <testcase name="verifyMonthlyRowType" time="0.000" classname="com.test.proposify.Editor_FeeTable_TestCAses">
    <skipped/>
  </testcase> <!-- verifyMonthlyRowType -->
  <testcase name="verifytheexistingSingletaxDeletedandTotalRecalculated" time="0.000" classname="com.test.proposify.Editor_FeeTable_TestCAses">
    <skipped/>
  </testcase> <!-- verifytheexistingSingletaxDeletedandTotalRecalculated -->
  <testcase name="verifyShowTotaldisplaysTotalValue" time="0.000" classname="com.test.proposify.Editor_FeeTable_TestCAses">
    <skipped/>
  </testcase> <!-- verifyShowTotaldisplaysTotalValue -->
  <testcase name="verifytheTaxHasBeenAddedtotheTotal" time="0.000" classname="com.test.proposify.Editor_FeeTable_TestCAses">
    <skipped/>
  </testcase> <!-- verifytheTaxHasBeenAddedtotheTotal -->
  <testcase name="verifyUnitperQtyRowType" time="0.000" classname="com.test.proposify.Editor_FeeTable_TestCAses">
    <skipped/>
  </testcase> <!-- verifyUnitperQtyRowType -->
  <testcase name="verifytheTotalRecalculatedOnoptionalfeeCheckandUncheck" time="0.000" classname="com.test.proposify.Editor_FeeTable_TestCAses">
    <skipped/>
  </testcase> <!-- verifytheTotalRecalculatedOnoptionalfeeCheckandUncheck -->
  <testcase name="verify_placeHolder_FeeTitle_and_Description_is_Removed" time="0.000" classname="com.test.proposify.Editor_FeeTable_TestCAses">
    <skipped/>
  </testcase> <!-- verify_placeHolder_FeeTitle_and_Description_is_Removed -->
  <testcase name="verifyOptionalforClientCheckBoxDisappers" time="0.000" classname="com.test.proposify.Editor_FeeTable_TestCAses">
    <skipped/>
  </testcase> <!-- verifyOptionalforClientCheckBoxDisappers -->
  <testcase name="verifytheTaxHasBeenCanceledWithDefaultValue" time="0.000" classname="com.test.proposify.Editor_FeeTable_TestCAses">
    <skipped/>
  </testcase> <!-- verifytheTaxHasBeenCanceledWithDefaultValue -->
  <testcase name="verifytheFeeTableDragandDrop" time="10.061" classname="com.test.proposify.Editor_FeeTable_TestCAses">
    <error type="org.openqa.selenium.NoSuchWindowException" message="no such window: window was already closed
  (Session info: chrome=67.0.3396.99)
  (Driver info: chromedriver=2.37.544337 (8c0344a12e552148c185f7d5117db1f28d6c9e85),platform=Mac OS X 10.13.5 x86_64) (WARNING: The server did not provide any stacktrace information)
Command duration or timeout: 14 milliseconds
Build info: version: &#039;3.4.0&#039;, revision: &#039;unknown&#039;, time: &#039;unknown&#039;
System info: host: &#039;Milans-MacBook-Pro.local&#039;, ip: &#039;fe80:0:0:0:180f:e5c2:6534:1ce0%en0&#039;, os.name: &#039;Mac OS X&#039;, os.arch: &#039;x86_64&#039;, os.version: &#039;10.13.5&#039;, java.version: &#039;1.8.0_161&#039;
Driver info: org.openqa.selenium.chrome.ChromeDriver
Capabilities [{applicationCacheEnabled=false, rotatable=false, mobileEmulationEnabled=false, networkConnectionEnabled=false, chrome={chromedriverVersion=2.37.544337 (8c0344a12e552148c185f7d5117db1f28d6c9e85), userDataDir=/var/folders/qq/tjpqx_8j7210k_psf72pzz6h0000gn/T/.org.chromium.Chromium.Hzj2Qm}, takesHeapSnapshot=true, pageLoadStrategy=normal, databaseEnabled=false, handlesAlerts=true, hasTouchScreen=false, version=67.0.3396.99, platform=MAC, browserConnectionEnabled=false, nativeEvents=true, acceptSslCerts=false, acceptInsecureCerts=false, locationContextEnabled=true, webStorageEnabled=true, browserName=chrome, takesScreenshot=true, javascriptEnabled=true, cssSelectorsEnabled=true, setWindowRect=true, unexpectedAlertBehaviour=}]
Session ID: 95520d901690764fcfc10a9fc05a1253
*** Element info: {Using=xpath, value=.//*[text()=&#039;An error has occurred. Please refresh the page, if the problem persists please contact &#039;]}">
      <![CDATA[org.openqa.selenium.NoSuchWindowException: no such window: window was already closed
  (Session info: chrome=67.0.3396.99)
  (Driver info: chromedriver=2.37.544337 (8c0344a12e552148c185f7d5117db1f28d6c9e85),platform=Mac OS X 10.13.5 x86_64) (WARNING: The server did not provide any stacktrace information)
Command duration or timeout: 14 milliseconds
Build info: version: '3.4.0', revision: 'unknown', time: 'unknown'
System info: host: 'Milans-MacBook-Pro.local', ip: 'fe80:0:0:0:180f:e5c2:6534:1ce0%en0', os.name: 'Mac OS X', os.arch: 'x86_64', os.version: '10.13.5', java.version: '1.8.0_161'
Driver info: org.openqa.selenium.chrome.ChromeDriver
Capabilities [{applicationCacheEnabled=false, rotatable=false, mobileEmulationEnabled=false, networkConnectionEnabled=false, chrome={chromedriverVersion=2.37.544337 (8c0344a12e552148c185f7d5117db1f28d6c9e85), userDataDir=/var/folders/qq/tjpqx_8j7210k_psf72pzz6h0000gn/T/.org.chromium.Chromium.Hzj2Qm}, takesHeapSnapshot=true, pageLoadStrategy=normal, databaseEnabled=false, handlesAlerts=true, hasTouchScreen=false, version=67.0.3396.99, platform=MAC, browserConnectionEnabled=false, nativeEvents=true, acceptSslCerts=false, acceptInsecureCerts=false, locationContextEnabled=true, webStorageEnabled=true, browserName=chrome, takesScreenshot=true, javascriptEnabled=true, cssSelectorsEnabled=true, setWindowRect=true, unexpectedAlertBehaviour=}]
Session ID: 95520d901690764fcfc10a9fc05a1253
*** Element info: {Using=xpath, value=.//*[text()='An error has occurred. Please refresh the page, if the problem persists please contact ']}
	at sun.reflect.NativeConstructorAccessorImpl.newInstance0(Native Method)
	at sun.reflect.NativeConstructorAccessorImpl.newInstance(NativeConstructorAccessorImpl.java:62)
	at sun.reflect.DelegatingConstructorAccessorImpl.newInstance(DelegatingConstructorAccessorImpl.java:45)
	at java.lang.reflect.Constructor.newInstance(Constructor.java:423)
	at org.openqa.selenium.remote.ErrorHandler.createThrowable(ErrorHandler.java:215)
	at org.openqa.selenium.remote.ErrorHandler.throwIfResponseFailed(ErrorHandler.java:167)
	at org.openqa.selenium.remote.RemoteWebDriver.execute(RemoteWebDriver.java:671)
	at org.openqa.selenium.remote.RemoteWebDriver.findElements(RemoteWebDriver.java:437)
	at org.openqa.selenium.remote.RemoteWebDriver.findElementsByXPath(RemoteWebDriver.java:513)
	at org.openqa.selenium.By$ByXPath.findElements(By.java:356)
	at org.openqa.selenium.remote.RemoteWebDriver.findElements(RemoteWebDriver.java:398)
	at org.openqa.selenium.support.pagefactory.DefaultElementLocator.findElements(DefaultElementLocator.java:85)
	at org.openqa.selenium.support.pagefactory.internal.LocatingElementListHandler.invoke(LocatingElementListHandler.java:36)
	at com.sun.proxy.$Proxy8.size(Unknown Source)
	at com.test.proposify.Editor_FeeTable_TestCAses.verifytheFeeTableDragandDrop(Editor_FeeTable_TestCAses.java:139)
	at sun.reflect.NativeMethodAccessorImpl.invoke0(Native Method)
	at sun.reflect.NativeMethodAccessorImpl.invoke(NativeMethodAccessorImpl.java:62)
	at sun.reflect.DelegatingMethodAccessorImpl.invoke(DelegatingMethodAccessorImpl.java:43)
	at java.lang.reflect.Method.invoke(Method.java:498)
	at org.testng.internal.MethodInvocationHelper.invokeMethod(MethodInvocationHelper.java:104)
	at org.testng.internal.Invoker.invokeMethod(Invoker.java:645)
	at org.testng.internal.Invoker.invokeTestMethod(Invoker.java:851)
	at org.testng.internal.Invoker.invokeTestMethods(Invoker.java:1177)
	at org.testng.internal.TestMethodWorker.invokeTestMethods(TestMethodWorker.java:129)
	at org.testng.internal.TestMethodWorker.run(TestMethodWorker.java:112)
	at org.testng.TestRunner.privateRun(TestRunner.java:756)
	at org.testng.TestRunner.run(TestRunner.java:610)
	at org.testng.SuiteRunner.runTest(SuiteRunner.java:387)
	at org.testng.SuiteRunner.runSequentially(SuiteRunner.java:382)
	at org.testng.SuiteRunner.privateRun(SuiteRunner.java:340)
	at org.testng.SuiteRunner.run(SuiteRunner.java:289)
	at org.testng.SuiteRunnerWorker.runSuite(SuiteRunnerWorker.java:52)
	at org.testng.SuiteRunnerWorker.run(SuiteRunnerWorker.java:86)
	at org.testng.TestNG.runSuitesSequentially(TestNG.java:1293)
	at org.testng.TestNG.runSuitesLocally(TestNG.java:1218)
	at org.testng.TestNG.runSuites(TestNG.java:1133)
	at org.testng.TestNG.run(TestNG.java:1104)
	at org.testng.remote.AbstractRemoteTestNG.run(AbstractRemoteTestNG.java:114)
	at org.testng.remote.RemoteTestNG.initAndRun(RemoteTestNG.java:251)
	at org.testng.remote.RemoteTestNG.main(RemoteTestNG.java:77)
]]>
    </error>
  </testcase> <!-- verifytheFeeTableDragandDrop -->
  <testcase name="verifytheDiscountErrorMessageisDispayed" time="0.000" classname="com.test.proposify.Editor_FeeTable_TestCAses">
    <skipped/>
  </testcase> <!-- verifytheDiscountErrorMessageisDispayed -->
  <testcase name="verifytherowcolorChanges" time="0.000" classname="com.test.proposify.Editor_FeeTable_TestCAses">
    <skipped/>
  </testcase> <!-- verifytherowcolorChanges -->
  <testcase name="verifyOptionalforClientCheckBoxAppears" time="0.000" classname="com.test.proposify.Editor_FeeTable_TestCAses">
    <skipped/>
  </testcase> <!-- verifyOptionalforClientCheckBoxAppears -->
  <testcase name="verifytheTotalRecalculatedOnQtyeditedinEditableOption" time="0.000" classname="com.test.proposify.Editor_FeeTable_TestCAses">
    <skipped/>
  </testcase> <!-- verifytheTotalRecalculatedOnQtyeditedinEditableOption -->
  <testcase name="verifytheTotalofFeeTable" time="0.000" classname="com.test.proposify.Editor_FeeTable_TestCAses">
    <skipped/>
  </testcase> <!-- verifytheTotalofFeeTable -->
  <testcase name="verifyFixedRowType" time="0.000" classname="com.test.proposify.Editor_FeeTable_TestCAses">
    <skipped/>
  </testcase> <!-- verifyFixedRowType -->
  <testcase name="verifytheexistingmultipletaxDeletedandTotalRecalculated" time="0.000" classname="com.test.proposify.Editor_FeeTable_TestCAses">
    <skipped/>
  </testcase> <!-- verifytheexistingmultipletaxDeletedandTotalRecalculated -->
  <testcase name="verifytheDiscountHasBeenCanceledWithDefaultValue" time="0.000" classname="com.test.proposify.Editor_FeeTable_TestCAses">
    <skipped/>
  </testcase> <!-- verifytheDiscountHasBeenCanceledWithDefaultValue -->
  <testcase name="verifyTheCurrencyChange" time="0.001" classname="com.test.proposify.Editor_FeeTable_TestCAses">
    <skipped/>
  </testcase> <!-- verifyTheCurrencyChange -->
  <testcase name="verifytheRowisDeleted" time="0.000" classname="com.test.proposify.Editor_FeeTable_TestCAses">
    <skipped/>
  </testcase> <!-- verifytheRowisDeleted -->
  <testcase name="verifyAnnualRowType" time="0.000" classname="com.test.proposify.Editor_FeeTable_TestCAses">
    <skipped/>
  </testcase> <!-- verifyAnnualRowType -->
  <testcase name="verifytheexistingmultipleDiscountDeletedandTotalRecalculated" time="0.003" classname="com.test.proposify.Editor_FeeTable_TestCAses">
    <skipped/>
  </testcase> <!-- verifytheexistingmultipleDiscountDeletedandTotalRecalculated -->
  <testcase name="verifytheRowisAddedtotheTable" time="0.000" classname="com.test.proposify.Editor_FeeTable_TestCAses">
    <skipped/>
  </testcase> <!-- verifytheRowisAddedtotheTable -->
  <testcase name="verifyTheCurrencyChangeAfterFillingTable" time="0.000" classname="com.test.proposify.Editor_FeeTable_TestCAses">
    <skipped/>
  </testcase> <!-- verifyTheCurrencyChangeAfterFillingTable -->
  <testcase name="setup" time="0.000" classname="com.test.proposify.Editor_FeeTable_TestCAses">
    <error type="org.openqa.selenium.WebDriverException" message="unknown error: cannot determine loading status
from unknown error: cannot determine loading status
from disconnected: Unable to receive message from renderer
  (Session info: chrome=67.0.3396.99)
  (Driver info: chromedriver=2.37.544337 (8c0344a12e552148c185f7d5117db1f28d6c9e85),platform=Mac OS X 10.13.5 x86_64) (WARNING: The server did not provide any stacktrace information)
Command duration or timeout: 61 milliseconds
Build info: version: &#039;3.4.0&#039;, revision: &#039;unknown&#039;, time: &#039;unknown&#039;
System info: host: &#039;Milans-MacBook-Pro.local&#039;, ip: &#039;fe80:0:0:0:180f:e5c2:6534:1ce0%en0&#039;, os.name: &#039;Mac OS X&#039;, os.arch: &#039;x86_64&#039;, os.version: &#039;10.13.5&#039;, java.version: &#039;1.8.0_161&#039;
Driver info: org.openqa.selenium.chrome.ChromeDriver
Capabilities [{applicationCacheEnabled=false, rotatable=false, mobileEmulationEnabled=false, networkConnectionEnabled=false, chrome={chromedriverVersion=2.37.544337 (8c0344a12e552148c185f7d5117db1f28d6c9e85), userDataDir=/var/folders/qq/tjpqx_8j7210k_psf72pzz6h0000gn/T/.org.chromium.Chromium.EAsCwm}, takesHeapSnapshot=true, pageLoadStrategy=normal, databaseEnabled=false, handlesAlerts=true, hasTouchScreen=false, version=67.0.3396.99, platform=MAC, browserConnectionEnabled=false, nativeEvents=true, acceptSslCerts=false, acceptInsecureCerts=false, locationContextEnabled=true, webStorageEnabled=true, browserName=chrome, takesScreenshot=true, javascriptEnabled=true, cssSelectorsEnabled=true, setWindowRect=true, unexpectedAlertBehaviour=}]
Session ID: 4911d5e547c28bd9db5ca03c05c70134">
      <![CDATA[org.openqa.selenium.WebDriverException: unknown error: cannot determine loading status
from unknown error: cannot determine loading status
from disconnected: Unable to receive message from renderer
  (Session info: chrome=67.0.3396.99)
  (Driver info: chromedriver=2.37.544337 (8c0344a12e552148c185f7d5117db1f28d6c9e85),platform=Mac OS X 10.13.5 x86_64) (WARNING: The server did not provide any stacktrace information)
Command duration or timeout: 61 milliseconds
Build info: version: '3.4.0', revision: 'unknown', time: 'unknown'
System info: host: 'Milans-MacBook-Pro.local', ip: 'fe80:0:0:0:180f:e5c2:6534:1ce0%en0', os.name: 'Mac OS X', os.arch: 'x86_64', os.version: '10.13.5', java.version: '1.8.0_161'
Driver info: org.openqa.selenium.chrome.ChromeDriver
Capabilities [{applicationCacheEnabled=false, rotatable=false, mobileEmulationEnabled=false, networkConnectionEnabled=false, chrome={chromedriverVersion=2.37.544337 (8c0344a12e552148c185f7d5117db1f28d6c9e85), userDataDir=/var/folders/qq/tjpqx_8j7210k_psf72pzz6h0000gn/T/.org.chromium.Chromium.EAsCwm}, takesHeapSnapshot=true, pageLoadStrategy=normal, databaseEnabled=false, handlesAlerts=true, hasTouchScreen=false, version=67.0.3396.99, platform=MAC, browserConnectionEnabled=false, nativeEvents=true, acceptSslCerts=false, acceptInsecureCerts=false, locationContextEnabled=true, webStorageEnabled=true, browserName=chrome, takesScreenshot=true, javascriptEnabled=true, cssSelectorsEnabled=true, setWindowRect=true, unexpectedAlertBehaviour=}]
Session ID: 4911d5e547c28bd9db5ca03c05c70134
	at sun.reflect.NativeConstructorAccessorImpl.newInstance0(Native Method)
	at sun.reflect.NativeConstructorAccessorImpl.newInstance(NativeConstructorAccessorImpl.java:62)
	at sun.reflect.DelegatingConstructorAccessorImpl.newInstance(DelegatingConstructorAccessorImpl.java:45)
	at java.lang.reflect.Constructor.newInstance(Constructor.java:423)
	at org.openqa.selenium.remote.ErrorHandler.createThrowable(ErrorHandler.java:215)
	at org.openqa.selenium.remote.ErrorHandler.throwIfResponseFailed(ErrorHandler.java:167)
	at org.openqa.selenium.remote.RemoteWebDriver.execute(RemoteWebDriver.java:671)
	at org.openqa.selenium.remote.RemoteWebDriver.get(RemoteWebDriver.java:364)
	at com.test.proposify.Editor_FeeTable_TestCAses.setup(Editor_FeeTable_TestCAses.java:61)
	at sun.reflect.NativeMethodAccessorImpl.invoke0(Native Method)
	at sun.reflect.NativeMethodAccessorImpl.invoke(NativeMethodAccessorImpl.java:62)
	at sun.reflect.DelegatingMethodAccessorImpl.invoke(DelegatingMethodAccessorImpl.java:43)
	at java.lang.reflect.Method.invoke(Method.java:498)
	at org.testng.internal.MethodInvocationHelper.invokeMethod(MethodInvocationHelper.java:104)
	at org.testng.internal.Invoker.invokeConfigurationMethod(Invoker.java:515)
	at org.testng.internal.Invoker.invokeConfigurations(Invoker.java:217)
	at org.testng.internal.Invoker.invokeMethod(Invoker.java:590)
	at org.testng.internal.Invoker.invokeTestMethod(Invoker.java:851)
	at org.testng.internal.Invoker.invokeTestMethods(Invoker.java:1177)
	at org.testng.internal.TestMethodWorker.invokeTestMethods(TestMethodWorker.java:129)
	at org.testng.internal.TestMethodWorker.run(TestMethodWorker.java:112)
	at org.testng.TestRunner.privateRun(TestRunner.java:756)
	at org.testng.TestRunner.run(TestRunner.java:610)
	at org.testng.SuiteRunner.runTest(SuiteRunner.java:387)
	at org.testng.SuiteRunner.runSequentially(SuiteRunner.java:382)
	at org.testng.SuiteRunner.privateRun(SuiteRunner.java:340)
	at org.testng.SuiteRunner.run(SuiteRunner.java:289)
	at org.testng.SuiteRunnerWorker.runSuite(SuiteRunnerWorker.java:52)
	at org.testng.SuiteRunnerWorker.run(SuiteRunnerWorker.java:86)
	at org.testng.TestNG.runSuitesSequentially(TestNG.java:1293)
	at org.testng.TestNG.runSuitesLocally(TestNG.java:1218)
	at org.testng.TestNG.runSuites(TestNG.java:1133)
	at org.testng.TestNG.run(TestNG.java:1104)
	at org.testng.remote.AbstractRemoteTestNG.run(AbstractRemoteTestNG.java:114)
	at org.testng.remote.RemoteTestNG.initAndRun(RemoteTestNG.java:251)
	at org.testng.remote.RemoteTestNG.main(RemoteTestNG.java:77)
]]>
    </error>
  </testcase> <!-- setup -->
  <testcase name="verifyTableisDuplicatedUsingSettingsIcon" time="0.000" classname="com.test.proposify.Editor_FeeTable_TestCAses">
    <skipped/>
  </testcase> <!-- verifyTableisDuplicatedUsingSettingsIcon -->
  <testcase name="verifytheDiscountHasBeenDeductFromtheTotal" time="0.000" classname="com.test.proposify.Editor_FeeTable_TestCAses">
    <skipped/>
  </testcase> <!-- verifytheDiscountHasBeenDeductFromtheTotal -->
  <testcase name="verifyShowTotalhidingtheTotalValue" time="0.000" classname="com.test.proposify.Editor_FeeTable_TestCAses">
    <skipped/>
  </testcase> <!-- verifyShowTotalhidingtheTotalValue -->
  <testcase name="verifythetaxErrorMessageisDispayed" time="0.000" classname="com.test.proposify.Editor_FeeTable_TestCAses">
    <skipped/>
  </testcase> <!-- verifythetaxErrorMessageisDispayed -->
  <testcase name="verifyHourlyRowType" time="0.000" classname="com.test.proposify.Editor_FeeTable_TestCAses">
    <skipped/>
  </testcase> <!-- verifyHourlyRowType -->
  <testcase name="verify_placeHolder_FeeTitle_and_Description_is_Back" time="0.000" classname="com.test.proposify.Editor_FeeTable_TestCAses">
    <skipped/>
  </testcase> <!-- verify_placeHolder_FeeTitle_and_Description_is_Back -->
</testsuite> <!-- com.test.proposify.Editor_FeeTable_TestCAses -->
